[debug] [2024-03-04T18:06:54.008Z] ----------------------------------------------------------------------
[debug] [2024-03-04T18:06:54.010Z] Command:       /usr/bin/node /home/daniel/.bun/bin/firebase deploy
[debug] [2024-03-04T18:06:54.011Z] CLI Version:   13.4.0
[debug] [2024-03-04T18:06:54.011Z] Platform:      linux
[debug] [2024-03-04T18:06:54.011Z] Node Version:  v21.6.2
[debug] [2024-03-04T18:06:54.011Z] Time:          Mon Mar 04 2024 19:06:54 GMT+0100 (Central European Standard Time)
[debug] [2024-03-04T18:06:54.011Z] ----------------------------------------------------------------------
[debug] 
[debug] [2024-03-04T18:06:54.056Z] > command requires scopes: ["email","openid","https://www.googleapis.com/auth/cloudplatformprojects.readonly","https://www.googleapis.com/auth/firebase","https://www.googleapis.com/auth/cloud-platform"]
[debug] [2024-03-04T18:06:54.056Z] > authorizing via signed-in user (daniel.svitan.team7274dev@gmail.com)
[debug] [2024-03-04T18:06:54.056Z] [iam] checking project portfolio-21439 for permissions ["firebase.projects.get","firebasehosting.sites.update"]
[debug] [2024-03-04T18:06:54.057Z] >>> [apiv2][query] POST https://cloudresourcemanager.googleapis.com/v1/projects/portfolio-21439:testIamPermissions [none]
[debug] [2024-03-04T18:06:54.057Z] >>> [apiv2][(partial)header] POST https://cloudresourcemanager.googleapis.com/v1/projects/portfolio-21439:testIamPermissions x-goog-quota-user=projects/portfolio-21439
[debug] [2024-03-04T18:06:54.058Z] >>> [apiv2][body] POST https://cloudresourcemanager.googleapis.com/v1/projects/portfolio-21439:testIamPermissions {"permissions":["firebase.projects.get","firebasehosting.sites.update"]}
[debug] [2024-03-04T18:06:54.874Z] <<< [apiv2][status] POST https://cloudresourcemanager.googleapis.com/v1/projects/portfolio-21439:testIamPermissions 200
[debug] [2024-03-04T18:06:54.874Z] <<< [apiv2][body] POST https://cloudresourcemanager.googleapis.com/v1/projects/portfolio-21439:testIamPermissions {"permissions":["firebase.projects.get","firebasehosting.sites.update"]}
[debug] [2024-03-04T18:06:54.876Z] >>> [apiv2][query] GET https://firebase.googleapis.com/v1beta1/projects/portfolio-21439 [none]
[debug] [2024-03-04T18:06:55.328Z] <<< [apiv2][status] GET https://firebase.googleapis.com/v1beta1/projects/portfolio-21439 200
[debug] [2024-03-04T18:06:55.329Z] <<< [apiv2][body] GET https://firebase.googleapis.com/v1beta1/projects/portfolio-21439 {"projectId":"portfolio-21439","projectNumber":"537361302720","displayName":"portfolio","name":"projects/portfolio-21439","resources":{"hostingSite":"portfolio-21439"},"state":"ACTIVE","etag":"1_2bf06ad8-2a2a-4e7c-a445-3076a3cb3aab"}
[info] 
[info] === Deploying to 'portfolio-21439'...
[info] 
[info] i  deploying hosting 
[debug] [2024-03-04T18:06:55.332Z] >>> [apiv2][query] POST https://firebasehosting.googleapis.com/v1beta1/projects/-/sites/portfolio-21439/versions [none]
[debug] [2024-03-04T18:06:55.332Z] >>> [apiv2][body] POST https://firebasehosting.googleapis.com/v1beta1/projects/-/sites/portfolio-21439/versions {"status":"CREATED","labels":{"deployment-tool":"cli-firebase"}}
[debug] [2024-03-04T18:06:56.482Z] <<< [apiv2][status] POST https://firebasehosting.googleapis.com/v1beta1/projects/-/sites/portfolio-21439/versions 200
[debug] [2024-03-04T18:06:56.482Z] <<< [apiv2][body] POST https://firebasehosting.googleapis.com/v1beta1/projects/-/sites/portfolio-21439/versions {"name":"projects/537361302720/sites/portfolio-21439/versions/d8438d1801f6b67e","status":"CREATED","config":{},"labels":{"deployment-tool":"cli-firebase"}}
[info] i  hosting[portfolio-21439]: beginning deploy... 
[info] i  hosting[portfolio-21439]: found 53 files in ./build/distributions 
[debug] [2024-03-04T18:06:56.500Z] [hosting] uploading with 200 concurrency
[debug] [2024-03-04T18:06:56.501Z] [hosting] hash cache [YnVpbGQvZGlzdHJpYnV0aW9ucw] not populated
[debug] [2024-03-04T18:06:56.603Z] [hosting] hash cache [YnVpbGQvZGlzdHJpYnV0aW9ucw] stored for 53 files
[debug] [2024-03-04T18:06:56.604Z] [hosting][hash queue][FINAL] {"max":100,"min":11,"avg":56.37735849056604,"active":0,"complete":53,"success":53,"errored":0,"retried":0,"total":53,"elapsed":102}
[debug] [2024-03-04T18:06:56.604Z] >>> [apiv2][query] POST https://firebasehosting.googleapis.com/v1beta1/projects/537361302720/sites/portfolio-21439/versions/d8438d1801f6b67e:populateFiles [none]
[debug] [2024-03-04T18:06:56.604Z] >>> [apiv2][body] POST https://firebasehosting.googleapis.com/v1beta1/projects/537361302720/sites/portfolio-21439/versions/d8438d1801f6b67e:populateFiles {"files":{"/index.html":"f577c5f26c6a9bcd6349423d73ffcf301bb8623991cc4d0564c2e957e6ef41d1","/robots.txt":"2544ca049f223a42bff01f72ad930a5edba75bbb7199d0f8430a02ff5aca16ec","/manifest.json":"d7a85adbab2adad4b2436f261d410f9cec0470c086fd0c8b40fa9218164af43d","/icons/arrow_down.svg":"338ffa4c18f6d0f1bbfeafdf2522947416a11ae2bda19c72f7d4ed5be8520e1b","/icons/arrow_right.svg":"8c6de7c82ac294870d1191e0fa2849fa0f8cc6975476b2c4e1134fdf2d172972","/icons/facebook.png":"78e4ce46aaf321c87bf46b7f24cb2ae2566ecc4a417af00f97cc54777adc838d","/icons/linkedin.svg":"cdbc21f55733486be45e04ab5a9b47e8bd1c4333cc6116b2c631dd9d311fb7b0","/icons/sk.svg":"27279ad3648d1cd815aeb188de4e048df5b941c29d7845312da7be36e7803025","/icons/sk.png":"b77caefb48edd2ae669c1f54d76903dc6328a7434d9c4976faaea840b86f90b5","/icons/us.svg":"78d3b4f9ee25b6c4e8bcd7e775cc49d17e4b82b904f93aef97b03a4a1cd7ea2c","/localization/en.json":"c781ec0797df4534dd4348e7e05e117e79896f1201d340986b84583851a9e3ee","/styles/main.scss":"68262cb17d9119afd92115a97c045c89f522f1ef97713aa838f6cd4168b49e70","/styles/components/content.scss":"0623b2991a69ac619a49036cb450cdc3cddcc1eac682457e3501376dccc18e2d","/localization/sk.json":"dada8b1ccee0cc48b4c162a868becfa00bdfec32afca24d68450167fa95601e6","/styles/components/language-settings.scss":"327bf696ca18264ee60e51dcd0fa7faec7298c112bf5c321a6bf3474ddc5d70b","/styles/components/page-transition.scss":"fb577ef0e9b24559e0e0436a6982c5c08857aecc8188759c07cc49d4bf691f8a","/styles/components/popup.scss":"e6119a1b4453a94e64a31dd0a38a320719d903ea13dbd13a47100260b21f526e","/styles/lib/colors.scss":"a6adf75b0f3c93999c8981fc40ee42361260c4918fcdc778056a5650a38202c2","/styles/main.css.map":"d751287ba5b8e9bce6eea82e39399a97a6aae70b16906b7e75a311d2ca690e9f","/styles/lib/fonts.scss":"2dfbe29d9f4f8d0765925ec94d836267e7659b9d47fa112da4e10501f050382a","/styles/lib/mixins.scss":"f3157d1d5c2b02ece0eb5f249ce78af46a8b2231bf61641353dd924d28ce3b7f","/styles/pages/about.scss":"27f3ab4d43b43fae9a098cdcc59a1f68c6c8916a4d6c993b3247b7baf46cf982","/styles/components/navbar.scss":"6df525e755692fc0a49ae0ce125d23806802fa908575cff0c1a49d967be8a47b","/styles/pages/global.scss":"bda8f507bf4fcfa99b42dc48d83415a28984331e03c7488764626501474044f7","/styles/pages/contact.scss":"caceb7247d55388deaab14c6bc255c02a2d79dc175c03e63975140549fb47523","/styles/main.css":"846721e42bda5f6591b603b1cbc1affc105e2b9d443b0304cbc866c3b91648a1","/icons/discord.png":"a87f1138e1ada464873f977be77f2b96f87d3c40217325ac540d14c4618dc935","/icons/us.png":"e61c81f58fa36c7b743c73b5cf8eb2d7807fee727c434800edb9a59658ace452","/styles/pages/home.scss":"f90367ad23e5b0cbc74465f78add20eabbe530dac085e32bacbb8d2f92bb39ce","/styles/pages/skills.scss":"1d7a017ee3c79d561179bcb9aaa3f082438fbfb492ef72b257dcda51cde21846","/styles/pages/projects.scss":"d22fb47eb5d8ea0673985fd1d98709aa9e54c21826483a752e5d8af2879702f9","/icons/whatsapp.png":"81c738b478494149e6f1bacdb4acf8eec3681c937455fe05d86e14c5f6bdb335","/favicon.ico":"ad7aeb87f0221f87184f1051566f5a9d9b87087a5e0f186f278b46f116b594b8","/fonts/jetbrains/JetBrainsMono-Bold.ttf":"150b108d961be754cde0f13f5cb0f96fdd2b2b16dd1bedd0ae19db2a6006829e","/fonts/jetbrains/JetBrainsMono-ExtraBoldItalic.ttf":"b55cd536504ea6306c31dae50595f6c3a09c597bd81d14521469e49c174028f5","/fonts/jetbrains/JetBrainsMono-ExtraBold.ttf":"989d20106e55f9db8f4c9621c9f9435f2126bbbfa9351f66ead9f92202b0d69f","/fonts/jetbrains/JetBrainsMono-BoldItalic.ttf":"7d05bf84486eb03cf7fd6e0a798237b5859e53e9716b2620eca0f71ba4b7fde9","/fonts/jetbrains/JetBrainsMono-ExtraLight.ttf":"806536d950119fceb5b4e7878b6141123e9ed06fb577c64a042524ede5ed1258","/fonts/jetbrains/JetBrainsMono-ExtraLightItalic.ttf":"9c238fbc38c433e8a4e6903c028399aa0e812b64f0d46a783859b0ad3712b6e1","/fonts/jetbrains/JetBrainsMono-Italic.ttf":"df2792cae8ff5fd420671ca1bfbbc25222c107ba5ddc9d8fff198c5091b037ed","/fonts/jetbrains/JetBrainsMono-Light.ttf":"a46cb5d8327f6265f21473ec164246da99fd2378ce0db4a9be40d172bf624706","/fonts/jetbrains/JetBrainsMono-LightItalic.ttf":"5cb61e3f4f51461cf03f03f55285cb8744133405a3720bae3897b3b90093dd4f","/fonts/jetbrains/JetBrainsMono-Medium.ttf":"989bc57262ffb1dfe40350645243bb27cb4aafe6334113819b2e6447d8d482ce","/fonts/jetbrains/JetBrainsMono-Regular.ttf":"32a50561bf5670ec213ed759968d43b5782fefc39c4c4c29158fbd316a669ef6","/fonts/jetbrains/JetBrainsMono-SemiBoldItalic.ttf":"5e055e537c37bad699ad54ba2e200841343a0709cb07d97c64ea30b0a4fa82f5","/fonts/jetbrains/JetBrainsMono-MediumItalic.ttf":"bcbab1f08ff871f461a8543c183144b98ffefbde2839a0f3423a9c484fc21df0","/fonts/jetbrains/JetBrainsMono-SemiBold.ttf":"6bf3c5fdd7ad8413397348e30934f287dec76d8ad324bd928a4cc601a7b967f1","/fonts/jetbrains/JetBrainsMono-Thin.ttf":"93d41d3cfa149e9890e57b4845a266437a3cf0b859d32ffabc1885de567e79da","/fonts/jetbrains/JetBrainsMono-ThinItalic.ttf":"51a28f8894858a91c4219aee1f79932f6b99d32140f28cf63496c39ff13995f8","/fonts/jetbrains/JetBrainsMono-Italic-VariableFont_wght.ttf":"706c14786b9398ccae91e5b46b87fa6835753307f10c027d2effc16f5ccd8374","/fonts/jetbrains/JetBrainsMono-VariableFont_wght.ttf":"56a882c4f51dabf046b787047769a8f2fabba495a3493b29e1343ac4dd50ffe0","/portfolio.js":"6b8c207868afe8717e334065b81bb9b6d529a3eb0b569b6b9cb020552232211b","/portfolio.js.map":"266680186ba984e6ec90fbb993ca92176b95089ba283818a7e3479e94f81734d"}}
[debug] [2024-03-04T18:06:56.891Z] <<< [apiv2][status] POST https://firebasehosting.googleapis.com/v1beta1/projects/537361302720/sites/portfolio-21439/versions/d8438d1801f6b67e:populateFiles 200
[debug] [2024-03-04T18:06:56.891Z] <<< [apiv2][body] POST https://firebasehosting.googleapis.com/v1beta1/projects/537361302720/sites/portfolio-21439/versions/d8438d1801f6b67e:populateFiles {"uploadRequiredHashes":["266680186ba984e6ec90fbb993ca92176b95089ba283818a7e3479e94f81734d","6b8c207868afe8717e334065b81bb9b6d529a3eb0b569b6b9cb020552232211b","dada8b1ccee0cc48b4c162a868becfa00bdfec32afca24d68450167fa95601e6","c781ec0797df4534dd4348e7e05e117e79896f1201d340986b84583851a9e3ee"],"uploadUrl":"https://upload-firebasehosting.googleapis.com/upload/sites/portfolio-21439/versions/d8438d1801f6b67e/files"}
[debug] [2024-03-04T18:06:56.893Z] >>> [apiv2][query] POST https://upload-firebasehosting.googleapis.com/upload/sites/portfolio-21439/versions/d8438d1801f6b67e/files/266680186ba984e6ec90fbb993ca92176b95089ba283818a7e3479e94f81734d [none]
[debug] [2024-03-04T18:06:56.893Z] >>> [apiv2][body] POST https://upload-firebasehosting.googleapis.com/upload/sites/portfolio-21439/versions/d8438d1801f6b67e/files/266680186ba984e6ec90fbb993ca92176b95089ba283818a7e3479e94f81734d [stream]
[debug] [2024-03-04T18:06:56.896Z] >>> [apiv2][query] POST https://upload-firebasehosting.googleapis.com/upload/sites/portfolio-21439/versions/d8438d1801f6b67e/files/6b8c207868afe8717e334065b81bb9b6d529a3eb0b569b6b9cb020552232211b [none]
[debug] [2024-03-04T18:06:56.897Z] >>> [apiv2][body] POST https://upload-firebasehosting.googleapis.com/upload/sites/portfolio-21439/versions/d8438d1801f6b67e/files/6b8c207868afe8717e334065b81bb9b6d529a3eb0b569b6b9cb020552232211b [stream]
[debug] [2024-03-04T18:06:56.900Z] >>> [apiv2][query] POST https://upload-firebasehosting.googleapis.com/upload/sites/portfolio-21439/versions/d8438d1801f6b67e/files/dada8b1ccee0cc48b4c162a868becfa00bdfec32afca24d68450167fa95601e6 [none]
[debug] [2024-03-04T18:06:56.900Z] >>> [apiv2][body] POST https://upload-firebasehosting.googleapis.com/upload/sites/portfolio-21439/versions/d8438d1801f6b67e/files/dada8b1ccee0cc48b4c162a868becfa00bdfec32afca24d68450167fa95601e6 [stream]
[debug] [2024-03-04T18:06:56.902Z] >>> [apiv2][query] POST https://upload-firebasehosting.googleapis.com/upload/sites/portfolio-21439/versions/d8438d1801f6b67e/files/c781ec0797df4534dd4348e7e05e117e79896f1201d340986b84583851a9e3ee [none]
[debug] [2024-03-04T18:06:56.902Z] >>> [apiv2][body] POST https://upload-firebasehosting.googleapis.com/upload/sites/portfolio-21439/versions/d8438d1801f6b67e/files/c781ec0797df4534dd4348e7e05e117e79896f1201d340986b84583851a9e3ee [stream]
[debug] [2024-03-04T18:06:56.904Z] [hosting][populate queue][FINAL] {"max":290,"min":290,"avg":290,"active":0,"complete":1,"success":1,"errored":0,"retried":0,"total":1,"elapsed":301}
[debug] [2024-03-04T18:06:56.904Z] [hosting] uploads queued: 4
